Interface of POU 'DCTIME_TO_DCTIMESTRUCT'
Error 3740:  (9): Unknown type 'T_ULARGE_INTEGER'
Error 3740:  (10): Unknown type 'T_ULARGE_INTEGER'
Error 3740:  (11): Unknown type 'T_ULARGE_INTEGER'
Error 3740:  (12): Unknown type 'T_ULARGE_INTEGER'
Interface of POU 'DCTIME_TO_FILETIME'
Error 3740:  (8): Unknown type 'T_ULARGE_INTEGER'
Error 3740:  (9): Unknown type 'T_ULARGE_INTEGER'
Error 3740:  (0): Unknown type 'T_FILETIME'
Interface of POU 'DCTIME_TO_STRING'
Error 3740:  (16): Unknown type 'T_ULARGE_INTEGER'
Error 3740:  (17): Unknown type 'T_ULARGE_INTEGER'
Error 3740:  (18): Unknown type 'T_FILETIME'
Error 3740:  (19): Unknown type 'TIMESTRUCT'
Interface of POU 'DCTIME_TO_SYSTEMTIME'
Error 3740:  (0): Unknown type 'TIMESTRUCT'
Interface of POU 'DCTIMESTRUCT_TO_DCTIME'
Error 3740:  (9): Unknown type 'T_ULARGE_INTEGER'
Error 3740:  (10): Unknown type 'T_ULARGE_INTEGER'
Interface of POU 'F_GETCURDCTICKTIME'
Error 3740:  (8): Unknown type 'T_ULARGE_INTEGER'
Interface of POU 'FB_ECDCTICKTIMEBASECALC'
Error 3740:  (14): Unknown type 'T_ULARGE_INTEGER'
Error 3740:  (15): Unknown type 'T_ULARGE_INTEGER'
Error 3740:  (9): Unknown type 'T_ULARGE_INTEGER'
Error 3740:  (10): Unknown type 'T_ULARGE_INTEGER'
Interface of POU 'FB_ECGETLASTPROTERRINFO'
Error 3740:  (19): Unknown type 'FB_GetLocalAmsNetId'
Interface of POU 'FILETIME_TO_DCTIME'
Error 3740:  (9): Unknown type 'T_ULARGE_INTEGER'
Error 3740:  (5): Unknown type 'T_FILETIME'
Interface of POU 'STRING_TO_DCTIME'
Error 3740:  (17): Unknown type 'TIMESTRUCT'
Error 3740:  (18): Unknown type 'T_FILETIME'
Interface of POU 'SYSTEMTIME_TO_DCTIME'
Error 3740:  (4): Unknown type 'TIMESTRUCT'
Interface of POU 'T_DCTIME'
Error 3740:  (1): Unknown type 'T_ULARGE_INTEGER'
Interface of POU 'COBIDDATAVISUALIZE'
Error 3740: CobIdDataVisualize (9): Unknown type 'FB_FormatString'
Interface of POU 'FB_DATASETFIFO'
Error 3740: FB_DataSetFifo (5): Unknown type 'FB_MemRingBuffer'
Declarations of the global variables
Error 3760: GVL_Pitch_Status (129): Erroneous initial value
Error 3740: GVL_Pitch_Status (129): Unknown type 'T_ULARGE_INTEGER'
Error 3760: GVL_Pitch_Status (132): Erroneous initial value
Error 3740: GVL_Pitch_Status (132): Unknown type 'T_ULARGE_INTEGER'
Error 3760: GVL_Pitch_Status (133): Erroneous initial value
Error 3740: GVL_Pitch_Status (133): Unknown type 'T_ULARGE_INTEGER'
Error 3760: GVL_Pitch_Status (134): Erroneous initial value
Error 3740: GVL_Pitch_Status (134): Unknown type 'T_ULARGE_INTEGER'
36 Error(s), 0 Warning(s).
